[INFO  - 2019-03-04T09:54:01.859Z] GhostDriver - Main - running on port 3210
[INFO  - 2019-03-04T09:54:05.924Z] Session [72bb9050-3e63-11e9-bca2-155e31e8298a] - page.settings - {"XSSAuditingEnabled":false,"javascriptCanCloseWindows":true,"javascriptCanOpenWindows":true,"javascriptEnabled":true,"loadImages":false,"localToRemoteUrlAccessEnabled":false,"userAgent":"Mozilla/5.0 (Windows NT 6.2; WOW64) AppleWebKit/538.1 (KHTML, like Gecko) PhantomJS/2.1.1 Safari/538.1","webSecurityEnabled":true}
[INFO  - 2019-03-04T09:54:05.924Z] Session [72bb9050-3e63-11e9-bca2-155e31e8298a] - page.customHeaders:  - {}
[INFO  - 2019-03-04T09:54:05.924Z] Session [72bb9050-3e63-11e9-bca2-155e31e8298a] - Session.negotiatedCapabilities - {"browserName":"phantomjs","version":"2.1.1","driverName":"ghostdriver","driverVersion":"1.2.0","platform":"windows-10-32bit","javascriptEnabled":true,"takesScreenshot":true,"handlesAlerts":false,"databaseEnabled":false,"locationContextEnabled":false,"applicationCacheEnabled":false,"browserConnectionEnabled":false,"cssSelectorsEnabled":true,"webStorageEnabled":false,"rotatable":false,"acceptSslCerts":false,"nativeEvents":true,"proxy":{"proxyType":"direct"}}
[INFO  - 2019-03-04T09:54:05.925Z] SessionManagerReqHand - _postNewSessionCommand - New Session Created: 72bb9050-3e63-11e9-bca2-155e31e8298a
[ERROR - 2019-03-04T09:54:07.101Z] Session [72bb9050-3e63-11e9-bca2-155e31e8298a] - page.onError - msg: ReferenceError: Can't find variable: jQuery

  phantomjs://platform/console++.js:263 in error
[ERROR - 2019-03-04T09:54:07.101Z] Session [72bb9050-3e63-11e9-bca2-155e31e8298a] - page.onError - stack:
  global code (https://s5.xinstatic.com/static/newcar-www/pkg/newhome_3eadf23.js:2)

  phantomjs://platform/console++.js:263 in error
[ERROR - 2019-03-04T09:54:07.116Z] Session [72bb9050-3e63-11e9-bca2-155e31e8298a] - page.onError - msg: ReferenceError: Can't find variable: $

  phantomjs://platform/console++.js:263 in error
[ERROR - 2019-03-04T09:54:07.116Z] Session [72bb9050-3e63-11e9-bca2-155e31e8298a] - page.onError - stack:
  global code (https://www.xin.com/beijing/:723)

  phantomjs://platform/console++.js:263 in error
[ERROR - 2019-03-04T09:54:07.117Z] Session [72bb9050-3e63-11e9-bca2-155e31e8298a] - page.onError - msg: ReferenceError: Can't find variable: require

  phantomjs://platform/console++.js:263 in error
[ERROR - 2019-03-04T09:54:07.117Z] Session [72bb9050-3e63-11e9-bca2-155e31e8298a] - page.onError - stack:
  (anonymous function) (https://www.xin.com/beijing/:770)

  phantomjs://platform/console++.js:263 in error
[ERROR - 2019-03-04T09:54:07.522Z] WebElementLocator - _handleLocateCommand - Element(s) NOT Found: GAVE UP. Search Stop Time: 1551693247469

  phantomjs://platform/console++.js:263 in error
[ERROR - 2019-03-04T09:54:09.124Z] WebElementLocator - _handleLocateCommand - Element(s) NOT Found: GAVE UP. Search Stop Time: 1551693249083

  phantomjs://platform/console++.js:263 in error
[ERROR - 2019-03-04T09:54:10.451Z] WebElementLocator - _handleLocateCommand - Element(s) NOT Found: GAVE UP. Search Stop Time: 1551693250415

  phantomjs://platform/console++.js:263 in error
[ERROR - 2019-03-04T09:54:11.833Z] WebElementLocator - _handleLocateCommand - Element(s) NOT Found: GAVE UP. Search Stop Time: 1551693251789

  phantomjs://platform/console++.js:263 in error
[ERROR - 2019-03-04T09:54:13.240Z] WebElementLocator - _handleLocateCommand - Element(s) NOT Found: GAVE UP. Search Stop Time: 1551693253201

  phantomjs://platform/console++.js:263 in error
[ERROR - 2019-03-04T09:54:14.568Z] WebElementLocator - _handleLocateCommand - Element(s) NOT Found: GAVE UP. Search Stop Time: 1551693254543

  phantomjs://platform/console++.js:263 in error
[ERROR - 2019-03-04T09:54:15.961Z] WebElementLocator - _handleLocateCommand - Element(s) NOT Found: GAVE UP. Search Stop Time: 1551693255920

  phantomjs://platform/console++.js:263 in error
[ERROR - 2019-03-04T09:54:17.289Z] WebElementLocator - _handleLocateCommand - Element(s) NOT Found: GAVE UP. Search Stop Time: 1551693257286

  phantomjs://platform/console++.js:263 in error
[ERROR - 2019-03-04T09:54:18.641Z] WebElementLocator - _handleLocateCommand - Element(s) NOT Found: GAVE UP. Search Stop Time: 1551693258574

  phantomjs://platform/console++.js:263 in error
[ERROR - 2019-03-04T09:54:19.921Z] WebElementLocator - _handleLocateCommand - Element(s) NOT Found: GAVE UP. Search Stop Time: 1551693259913

  phantomjs://platform/console++.js:263 in error
[ERROR - 2019-03-04T09:54:21.247Z] WebElementLocator - _handleLocateCommand - Element(s) NOT Found: GAVE UP. Search Stop Time: 1551693261234

  phantomjs://platform/console++.js:263 in error
